<?xml version="1.0" encoding="UTF-8"?>
<testng-results skipped="0" failed="0" total="2" passed="2">
  <reporter-output>
  </reporter-output>
  <suite name="Default suite" duration-ms="26323" started-at="2017-11-17T02:57:25Z" finished-at="2017-11-17T02:57:51Z">
    <groups>
    </groups>
    <test name="Default test" duration-ms="26323" started-at="2017-11-17T02:57:25Z" finished-at="2017-11-17T02:57:51Z">
      <class name="test.FrontEndMyMovie">
        <test-method status="PASS" signature="addListener(org.testng.ITestContext)[pri:0, instance:test.FrontEndMyMovie@5d5eef3d]" name="addListener" is-config="true" duration-ms="16" started-at="2017-11-17T10:57:25Z" finished-at="2017-11-17T10:57:25Z">
          <params>
            <param index="0">
              <value>
                <![CDATA[org.testng.TestRunner@3fa2213]]>
              </value>
            </param>
          </params>
          <reporter-output>
          </reporter-output>
        </test-method> <!-- addListener -->
        <test-method status="PASS" signature="doBeforeMethod()[pri:0, instance:test.FrontEndMyMovie@5d5eef3d]" name="doBeforeMethod" is-config="true" duration-ms="10249" started-at="2017-11-17T10:57:25Z" finished-at="2017-11-17T10:57:35Z">
          <reporter-output>
          </reporter-output>
        </test-method> <!-- doBeforeMethod -->
        <test-method status="PASS" signature="testLogin()[pri:0, instance:test.FrontEndMyMovie@5d5eef3d]" name="testLogin" duration-ms="7529" started-at="2017-11-17T10:57:35Z" finished-at="2017-11-17T10:57:42Z">
          <reporter-output>
          </reporter-output>
        </test-method> <!-- testLogin -->
        <test-method status="PASS" signature="addMovie()[pri:0, instance:test.FrontEndMyMovie@5d5eef3d]" name="addMovie" duration-ms="6192" started-at="2017-11-17T10:57:42Z" depends-on-methods="test.FrontEndMyMovie.testLogin" finished-at="2017-11-17T10:57:49Z">
          <reporter-output>
          </reporter-output>
        </test-method> <!-- addMovie -->
        <test-method status="PASS" signature="doAfterMethod()[pri:0, instance:test.FrontEndMyMovie@5d5eef3d]" name="doAfterMethod" is-config="true" duration-ms="2320" started-at="2017-11-17T10:57:49Z" finished-at="2017-11-17T10:57:51Z">
          <reporter-output>
          </reporter-output>
        </test-method> <!-- doAfterMethod -->
      </class> <!-- test.FrontEndMyMovie -->
    </test> <!-- Default test -->
  </suite> <!-- Default suite -->
</testng-results>
